<?xml version="1.0" encoding="ISO-8859-1"?>
<configuration>
  <component>
    <type>org.exoplatform.services.rest.transformer.EntityTransformerFactory</type>
  </component>
  <component>
    <type>org.exoplatform.services.rest.ResourceDispatcher</type>
  </component>
  <component>
    <type>org.exoplatform.services.rest.ResourceBinder</type>
    <init-params>
      <value-param>
        <name>ws1</name>
        <value>org.exoplatform.services.rest.container.HTTPAnnotatedContainerResolvingStrategy</value>
      </value-param>
    </init-params>
  </component>
  <component>
    <type>org.exoplatform.services.organization.impl.mock.DummyOrganizationService</type>
  </component>
  <component>
  	<type>org.exoplatform.services.authentication.rest.RESTAuthenticator</type>
  </component>
  <component>
    <type>org.exoplatform.services.organization.rest.xml.RESTOrganizationServiceXMLImpl</type>
  </component>
  <component>
    <type>org.exoplatform.services.organization.rest.json.RESTOrganizationServiceJSONImpl</type>
  </component>
  <component>
    <type>org.exoplatform.services.organization.rest.html.RESTOrganizationServiceHTMLImpl</type>
  </component>
  <component>
    <type>org.exoplatform.services.xml.resolving.impl.XMLResolvingServiceImpl</type>
  </component>
  <component>
    <type>org.exoplatform.services.xml.transform.impl.html.TidyTransformerServiceImpl</type>
  </component>
  <component>
    <type>org.exoplatform.services.xml.transform.impl.trax.TRAXTransformerServiceImpl</type>
  </component>
  <component>
    <type>org.exoplatform.services.xml.transform.impl.trax.TRAXTemplatesServiceImpl</type>
  </component>
  <component>
    <type>org.exoplatform.services.xml.transform.impl.EncodingMapImpl</type>
  </component>

  <!-- add XSLT template in TRAXTemplatesServiceImpl -->
  <external-component-plugins>
    <target-component>org.exoplatform.services.xml.transform.impl.trax.TRAXTemplatesServiceImpl</target-component>
    <component-plugin>
      <name>add.xslschema</name>
      <set-method>addPlugin</set-method>
      <type>org.exoplatform.services.xml.transform.impl.trax.TRAXTemplatesLoaderPlugin</type>
      <init-params>
        <properties-param>
          <name>xsl-source-urls</name>
          <property name="group-info" value="xslt/group-info.xsl" />
          <property name="test" value="xslt/test.xsl" />
        </properties-param>
      </init-params>
    </component-plugin>
  </external-component-plugins>
  
  
  <remove-configuration>org.exoplatform.services.scheduler.JobSchedulerService</remove-configuration>
  <remove-configuration>org.exoplatform.services.database.HibernateService</remove-configuration>
  <remove-configuration>org.exoplatform.services.remote.group.CommunicationService</remove-configuration>
  
</configuration>
