<?xml version="1.0" encoding="ISO-8859-1"?>
<configuration>

  <component>
    <type>org.exoplatform.services.rest.ResourceDispatcher</type>
    <init-params>
		<properties-param>
			<name>contex-params</name>
			<property name="test" value="test11"/>
		</properties-param>
    </init-params>
  </component>
  <component>
  	<type>org.exoplatform.services.rest.ResourceBinder</type>
    <init-params>
    	<value-param>
    		<name>ws1</name>
    		<value>org.exoplatform.services.rest.container.HTTPAnnotatedContainerResolvingStrategy</value>
    	</value-param>
    </init-params>
 	</component>
  <!--component>
    <type>org.exoplatform.services.rest.data.XMLValidator</type>
    <init-params>
    	<value-param>
    		<name>schema1</name>
    		<value>src/test/java/conf/standalone/test.xsd</value>
    	</value-param>
    </init-params>
  </component-->
</configuration>
