<configuration xmlns:xsi="http://www.w3.org/2001/XMLSchema-instance"
    xsi:schemaLocation="http://www.exoplaform.org/xml/ns/kernel_1_0.xsd http://www.exoplaform.org/xml/ns/kernel_1_0.xsd"
    xmlns="http://www.exoplaform.org/xml/ns/kernel_1_0.xsd">
  
  <component>
    <type>org.exoplatform.services.ws.soap.jsr181.singleton.TicketOrderServiceImpl</type>
  </component>
  
  <component>
    <type>org.exoplatform.services.ws.soap.jsr181.multiinstance.TicketOrderServiceImpl</type>
  </component>
  
  <external-component-plugins>
    <target-component>org.exoplatform.services.ws.impl.cxf.WebServiceLoader</target-component>
    <component-plugin>
      <name>WebService loader plugin</name>
      <set-method>addPlugin</set-method>
      <type>org.exoplatform.services.ws.impl.cxf.WebServiceLoaderPlugin</type>
      <description>Custom service loader plugin</description>
      <init-params>
        <values-param>
          <name></name>
          <value>org.exoplatform.services.ws.soap.jsr181.custom.TicketOrderServiceImpl</value>
        </values-param>
      </init-params>
    </component-plugin>
  </external-component-plugins>
  
</configuration>