<?xml version="1.0" encoding="UTF-8" ?>
<testsuite errors="0" skipped="0" tests="1" time="1.034" failures="0" name="org.exoplatform.services.ws.examples.jsr181.CalculatorWebServiceTest">
  <properties>
    <property value="Java(TM) 2 Runtime Environment, Standard Edition" name="java.runtime.name"/>
    <property value="/usr/jdk1.5.0_11/jre/lib/i386" name="sun.boot.library.path"/>
    <property value="1.5.0_11-b03" name="java.vm.version"/>
    <property value="Sun Microsystems Inc." name="java.vm.vendor"/>
    <property value="http://java.sun.com/" name="java.vendor.url"/>
    <property value=":" name="path.separator"/>
    <property value="Java HotSpot(TM) Client VM" name="java.vm.name"/>
    <property value="sun.io" name="file.encoding.pkg"/>
    <property value="RU" name="user.country"/>
    <property value="SUN_STANDARD" name="sun.java.launcher"/>
    <property value="unknown" name="sun.os.patch.level"/>
    <property value="Java Virtual Machine Specification" name="java.vm.specification.name"/>
    <property value="/home/andrew/exo-java/projects/projects/ws/trunk/soap/jsr181-example" name="user.dir"/>
    <property value="1.5.0_11-b03" name="java.runtime.version"/>
    <property value="sun.awt.X11GraphicsEnvironment" name="java.awt.graphicsenv"/>
    <property value="/home/andrew/exo-java/projects/projects/ws/trunk/soap/jsr181-example" name="basedir"/>
    <property value="/usr/jdk1.5.0_11/jre/lib/endorsed" name="java.endorsed.dirs"/>
    <property value="i386" name="os.arch"/>
    <property value="/tmp" name="java.io.tmpdir"/>
    <property value="
" name="line.separator"/>
    <property value="Sun Microsystems Inc." name="java.vm.specification.vendor"/>
    <property value="Linux" name="os.name"/>
    <property value="UTF-8" name="sun.jnu.encoding"/>
    <property value="/usr/jdk1.5.0_11/jre/lib/i386/client:/usr/jdk1.5.0_11/jre/lib/i386:/usr/jdk1.5.0_11/jre/../lib/i386" name="java.library.path"/>
    <property value="Java Platform API Specification" name="java.specification.name"/>
    <property value="49.0" name="java.class.version"/>
    <property value="HotSpot Client Compiler" name="sun.management.compiler"/>
    <property value="org.exoplatform.container.StandaloneContainer" name="exo.standalone-container"/>
    <property value="2.6.18.8-0.1-default" name="os.version"/>
    <property value="/home/andrew" name="user.home"/>
    <property value="" name="user.timezone"/>
    <property value="sun.print.PSPrinterJob" name="java.awt.printerjob"/>
    <property value="UTF-8" name="file.encoding"/>
    <property value="1.5" name="java.specification.version"/>
    <property value="andrew" name="user.name"/>
    <property value="/home/andrew/exo-java/exo-dependencies/repository/org/codehaus/plexus/plexus-archiver/1.0-alpha-7/plexus-archiver-1.0-alpha-7.jar:/home/andrew/exo-java/exo-dependencies/repository/junit/junit/3.8.1/junit-3.8.1.jar:/home/andrew/exo-java/exo-dependencies/repository/org/codehaus/plexus/plexus-container-default/1.0-alpha-8/plexus-container-default-1.0-alpha-8.jar:/home/andrew/exo-java/exo-dependencies/repository/org/apache/maven/surefire/surefire-api/2.3/surefire-api-2.3.jar:/home/andrew/exo-java/exo-dependencies/repository/classworlds/classworlds/1.1-alpha-2/classworlds-1.1-alpha-2.jar:/home/andrew/exo-java/exo-dependencies/repository/org/codehaus/plexus/plexus-utils/1.1/plexus-utils-1.1.jar:/home/andrew/exo-java/exo-dependencies/repository/commons-lang/commons-lang/2.1/commons-lang-2.1.jar:/home/andrew/exo-java/exo-dependencies/repository/org/apache/maven/surefire/surefire-booter/2.3/surefire-booter-2.3.jar" name="java.class.path"/>
    <property value="1.0" name="java.vm.specification.version"/>
    <property value="32" name="sun.arch.data.model"/>
    <property value="/usr/jdk1.5.0_11/jre" name="java.home"/>
    <property value="Sun Microsystems Inc." name="java.specification.vendor"/>
    <property value="ru" name="user.language"/>
    <property value="mixed mode, sharing" name="java.vm.info"/>
    <property value="1.5.0_11" name="java.version"/>
    <property value="/usr/jdk1.5.0_11/jre/lib/ext" name="java.ext.dirs"/>
    <property value="/usr/jdk1.5.0_11/jre/lib/rt.jar:/usr/jdk1.5.0_11/jre/lib/i18n.jar:/usr/jdk1.5.0_11/jre/lib/sunrsasign.jar:/usr/jdk1.5.0_11/jre/lib/jsse.jar:/usr/jdk1.5.0_11/jre/lib/jce.jar:/usr/jdk1.5.0_11/jre/lib/charsets.jar:/usr/jdk1.5.0_11/jre/classes" name="sun.boot.class.path"/>
    <property value="Sun Microsystems Inc." name="java.vendor"/>
    <property value="/home/andrew/exo-java/exo-dependencies/repository" name="localRepository"/>
    <property value="/" name="file.separator"/>
    <property value="http://java.sun.com/cgi-bin/bugreport.cgi" name="java.vendor.url.bug"/>
    <property value="little" name="sun.cpu.endian"/>
    <property value="UnicodeLittle" name="sun.io.unicode.encoding"/>
    <property value="gnome" name="sun.desktop"/>
    <property value="" name="sun.cpu.isalist"/>
  </properties>
  <testcase time="1.005" name="testSayHelloService"/>
</testsuite>